Started by an SCM change
Building in workspace /home/jenkins/workspace/java-commons
Wiping out workspace first.
Cloning the remote Git repository
Cloning repository https://github.com/rydnr/java-commons.git
 > git init /home/jenkins/workspace/java-commons # timeout=10
Fetching upstream changes from https://github.com/rydnr/java-commons.git
 > git --version # timeout=10
 > git fetch --tags --progress https://github.com/rydnr/java-commons.git +refs/heads/*:refs/remotes/origin/*
 > git config remote.origin.url https://github.com/rydnr/java-commons.git # timeout=10
 > git config remote.origin.fetch +refs/heads/*:refs/remotes/origin/* # timeout=10
 > git config remote.origin.url https://github.com/rydnr/java-commons.git # timeout=10
Fetching upstream changes from https://github.com/rydnr/java-commons.git
 > git fetch --tags --progress https://github.com/rydnr/java-commons.git +refs/heads/*:refs/remotes/origin/*
 > git rev-parse refs/remotes/origin/master^{commit} # timeout=10
 > git rev-parse refs/remotes/origin/origin/master^{commit} # timeout=10
Checking out Revision 874ae19180bb59ad2361599083b2533f296efa6d (refs/remotes/origin/master)
 > git config core.sparsecheckout # timeout=10
 > git checkout -f 874ae19180bb59ad2361599083b2533f296efa6d
First time build. Skipping changelog.
Run condition [Current build status] enabling prebuild for step [BuilderChain]
Run condition [Current build status] enabling prebuild for step [BuilderChain]
Parsing POMs
Waiting for the completion of [8mha:AAAAkB+LCAAAAAAAAP9b85aBtbiIQSajNKU4P08vOT+vOD8nVc+jsiC1KCczL9svvyTVzHb1RttJBUeZGJg8GdhyUvPSSzJ8GJhLi3JKGIR8shLLEvVzEvPS9YNLijLz0q0rihik0IxzhtAgwxgggJGJgaGiAMjgLGHg18/KT9JPTM4tztEtyM/VBwCw3lLhlAAAAA==[0macmsl-pom
[8mha:AAAAkh+LCAAAAAAAAP9b85aBtbiIQSajNKU4P08vOT+vOD8nVc+jsiC1KCczL9svvyTVzHb1RttJBUeZGJg8GdhyUvPSSzJ8GJhLi3JKGIR8shLLEvVzEvPS9YNLijLz0q0rihik0IxzhtAgwxgggJGJgaGiAMjgKWEQ1M/KT9JPTM4tztEtyM/VN9IHAFoCeziWAAAA[0macmsl-pom #2 completed. Result was FAILURE
Build step 'Trigger/call builds on other projects' marked build as failure
ERROR: Failed to create /opt/tomcat/.m2
[8mha:AAAAWB+LCAAAAAAAAP9b85aBtbiIQSmjNKU4P08vOT+vOD8nVc8DzHWtSE4tKMnMz/PLL0ldFVf2c+b/lb5MDAwVRQxSaBqcITRIIQMEMIIUFgAAckCEiWAAAAA=[0mBuild step 'Dependency analysis' marked build as failure
Recording fingerprints
Finished: FAILURE
